2021-11-22 14:16:15 - PHP Warning:  Undefined array key "theme_Store_product_limit" in C:\xampp\htdocs\store\admin\controller\extension\theme\Store.php on line 335
2021-11-22 14:16:15 - PHP Warning:  Undefined array key "theme_Store_product_description_length" in C:\xampp\htdocs\store\admin\controller\extension\theme\Store.php on line 339
2021-11-22 14:16:15 - PHP Warning:  Undefined array key "theme_Store_image_category_width" in C:\xampp\htdocs\store\admin\controller\extension\theme\Store.php on line 343
2021-11-22 14:16:15 - PHP Warning:  Undefined array key "theme_Store_image_thumb_width" in C:\xampp\htdocs\store\admin\controller\extension\theme\Store.php on line 347
2021-11-22 14:16:15 - PHP Warning:  Undefined array key "theme_Store_image_popup_width" in C:\xampp\htdocs\store\admin\controller\extension\theme\Store.php on line 351
2021-11-22 14:16:15 - PHP Warning:  Undefined array key "theme_Store_image_product_width" in C:\xampp\htdocs\store\admin\controller\extension\theme\Store.php on line 355
2021-11-22 14:16:15 - PHP Warning:  Undefined array key "theme_Store_image_additional_width" in C:\xampp\htdocs\store\admin\controller\extension\theme\Store.php on line 359
2021-11-22 14:16:15 - PHP Warning:  Undefined array key "theme_Store_image_related_width" in C:\xampp\htdocs\store\admin\controller\extension\theme\Store.php on line 363
2021-11-22 14:16:15 - PHP Warning:  Undefined array key "theme_Store_image_compare_width" in C:\xampp\htdocs\store\admin\controller\extension\theme\Store.php on line 367
2021-11-22 14:16:15 - PHP Warning:  Undefined array key "theme_Store_image_wishlist_width" in C:\xampp\htdocs\store\admin\controller\extension\theme\Store.php on line 371
2021-11-22 14:16:15 - PHP Warning:  Undefined array key "theme_Store_image_cart_width" in C:\xampp\htdocs\store\admin\controller\extension\theme\Store.php on line 375
2021-11-22 14:16:15 - PHP Warning:  Undefined array key "theme_Store_image_location_width" in C:\xampp\htdocs\store\admin\controller\extension\theme\Store.php on line 379
2021-11-22 14:17:53 - PHP Warning:  Undefined array key "theme_Store_product_limit" in C:\xampp\htdocs\store\admin\controller\extension\theme\Store.php on line 335
2021-11-22 14:17:53 - PHP Warning:  Undefined array key "theme_Store_product_description_length" in C:\xampp\htdocs\store\admin\controller\extension\theme\Store.php on line 339
2021-11-22 14:17:53 - PHP Warning:  Undefined array key "theme_Store_image_category_width" in C:\xampp\htdocs\store\admin\controller\extension\theme\Store.php on line 343
2021-11-22 14:17:53 - PHP Warning:  Undefined array key "theme_Store_image_thumb_width" in C:\xampp\htdocs\store\admin\controller\extension\theme\Store.php on line 347
2021-11-22 14:17:53 - PHP Warning:  Undefined array key "theme_Store_image_popup_width" in C:\xampp\htdocs\store\admin\controller\extension\theme\Store.php on line 351
2021-11-22 14:17:53 - PHP Warning:  Undefined array key "theme_Store_image_product_width" in C:\xampp\htdocs\store\admin\controller\extension\theme\Store.php on line 355
2021-11-22 14:17:53 - PHP Warning:  Undefined array key "theme_Store_image_additional_width" in C:\xampp\htdocs\store\admin\controller\extension\theme\Store.php on line 359
2021-11-22 14:17:53 - PHP Warning:  Undefined array key "theme_Store_image_related_width" in C:\xampp\htdocs\store\admin\controller\extension\theme\Store.php on line 363
2021-11-22 14:17:53 - PHP Warning:  Undefined array key "theme_Store_image_compare_width" in C:\xampp\htdocs\store\admin\controller\extension\theme\Store.php on line 367
2021-11-22 14:17:53 - PHP Warning:  Undefined array key "theme_Store_image_wishlist_width" in C:\xampp\htdocs\store\admin\controller\extension\theme\Store.php on line 371
2021-11-22 14:17:53 - PHP Warning:  Undefined array key "theme_Store_image_cart_width" in C:\xampp\htdocs\store\admin\controller\extension\theme\Store.php on line 375
2021-11-22 14:17:53 - PHP Warning:  Undefined array key "theme_Store_image_location_width" in C:\xampp\htdocs\store\admin\controller\extension\theme\Store.php on line 379
2021-11-25 15:56:02 - PHP Warning:  Undefined array key "code" in C:\xampp\htdocs\store\admin\model\design\layout.php on line 38
2021-11-25 15:56:02 - PHP Warning:  Undefined array key "code" in C:\xampp\htdocs\store\admin\model\design\layout.php on line 38
2021-11-25 15:56:02 - PHP Warning:  Undefined array key "code" in C:\xampp\htdocs\store\admin\model\design\layout.php on line 38
2021-11-26 2:02:43 - PHP Unknown:  Required parameter $store_id follows optional parameter $product_ids in C:\xampp\htdocs\store\admin\model\extension\advertise\google.php on line 341
2021-11-26 2:02:43 - PHP Unknown:  Required parameter $store_id follows optional parameter $data in C:\xampp\htdocs\store\admin\model\extension\advertise\google.php on line 413
2021-11-26 2:02:43 - PHP Warning:  googleshopping\Googleshopping::integer(): Argument #1 ($product_id) must be passed by reference, value given in C:\xampp\htdocs\store\system\library\googleshopping\googleshopping.php on line 583
2021-11-26 2:08:18 - PHP Unknown:  Required parameter $store_id follows optional parameter $product_ids in C:\xampp\htdocs\store\admin\model\extension\advertise\google.php on line 341
2021-11-26 2:08:18 - PHP Unknown:  Required parameter $store_id follows optional parameter $data in C:\xampp\htdocs\store\admin\model\extension\advertise\google.php on line 413
2021-11-26 2:08:18 - PHP Warning:  googleshopping\Googleshopping::integer(): Argument #1 ($product_id) must be passed by reference, value given in C:\xampp\htdocs\store\system\library\googleshopping\googleshopping.php on line 583
2021-11-26 2:15:25 - PHP Unknown:  Required parameter $store_id follows optional parameter $product_ids in C:\xampp\htdocs\store\admin\model\extension\advertise\google.php on line 341
2021-11-26 2:15:25 - PHP Unknown:  Required parameter $store_id follows optional parameter $data in C:\xampp\htdocs\store\admin\model\extension\advertise\google.php on line 413
2021-11-26 2:15:30 - PHP Unknown:  Required parameter $store_id follows optional parameter $product_ids in C:\xampp\htdocs\store\admin\model\extension\advertise\google.php on line 341
2021-11-26 2:15:30 - PHP Unknown:  Required parameter $store_id follows optional parameter $data in C:\xampp\htdocs\store\admin\model\extension\advertise\google.php on line 413
2021-11-27 4:13:18 - PHP Unknown:  Required parameter $store_id follows optional parameter $product_ids in C:\xampp\htdocs\store\admin\model\extension\advertise\google.php on line 341
2021-11-27 4:13:18 - PHP Unknown:  Required parameter $store_id follows optional parameter $data in C:\xampp\htdocs\store\admin\model\extension\advertise\google.php on line 413
2021-11-27 4:13:18 - PHP Warning:  googleshopping\Googleshopping::integer(): Argument #1 ($product_id) must be passed by reference, value given in C:\xampp\htdocs\store\system\library\googleshopping\googleshopping.php on line 583
2021-11-27 12:31:38 - PHP Unknown:  Required parameter $store_id follows optional parameter $product_ids in C:\xampp\htdocs\store\admin\model\extension\advertise\google.php on line 341
2021-11-27 12:31:38 - PHP Unknown:  Required parameter $store_id follows optional parameter $data in C:\xampp\htdocs\store\admin\model\extension\advertise\google.php on line 413
2021-11-27 12:31:48 - PHP Unknown:  Required parameter $store_id follows optional parameter $product_ids in C:\xampp\htdocs\store\admin\model\extension\advertise\google.php on line 341
2021-11-27 12:31:48 - PHP Unknown:  Required parameter $store_id follows optional parameter $data in C:\xampp\htdocs\store\admin\model\extension\advertise\google.php on line 413
2021-11-27 12:31:48 - PHP Unknown:  Required parameter $store_id follows optional parameter $product_ids in C:\xampp\htdocs\store\admin\model\extension\advertise\google.php on line 341
2021-11-27 12:31:48 - PHP Unknown:  Required parameter $store_id follows optional parameter $data in C:\xampp\htdocs\store\admin\model\extension\advertise\google.php on line 413
2021-11-27 12:38:14 - PHP Warning:  mail(): Failed to connect to mailserver at &quot;localhost&quot; port 25, verify your &quot;SMTP&quot; and &quot;smtp_port&quot; setting in php.ini or use ini_set() in C:\xampp\htdocs\store\system\library\mail\mail.php on line 77
2021-11-27 12:42:15 - PHP Unknown:  Required parameter $store_id follows optional parameter $product_ids in C:\xampp\htdocs\store\admin\model\extension\advertise\google.php on line 341
2021-11-27 12:42:15 - PHP Unknown:  Required parameter $store_id follows optional parameter $data in C:\xampp\htdocs\store\admin\model\extension\advertise\google.php on line 413
2021-11-27 12:42:15 - PHP Unknown:  Required parameter $store_id follows optional parameter $product_ids in C:\xampp\htdocs\store\admin\model\extension\advertise\google.php on line 341
2021-11-27 12:42:15 - PHP Unknown:  Required parameter $store_id follows optional parameter $data in C:\xampp\htdocs\store\admin\model\extension\advertise\google.php on line 413
2021-11-27 13:08:26 - PHP Warning:  mail(): Failed to connect to mailserver at &quot;localhost&quot; port 25, verify your &quot;SMTP&quot; and &quot;smtp_port&quot; setting in php.ini or use ini_set() in C:\xampp\htdocs\store\system\library\mail\mail.php on line 77
2021-11-27 13:14:59 - PHP Warning:  Undefined array key "token" in C:\xampp\htdocs\store\admin\controller\extension\module\elfsight_contact_form.php on line 225
2021-11-27 13:14:59 - PHP Warning:  Undefined array key "token" in C:\xampp\htdocs\store\admin\controller\extension\module\elfsight_contact_form.php on line 227
2021-11-27 13:53:05 - PHP Unknown:  Required parameter $store_id follows optional parameter $product_ids in C:\xampp\htdocs\store\admin\model\extension\advertise\google.php on line 341
2021-11-27 13:53:05 - PHP Unknown:  Required parameter $store_id follows optional parameter $data in C:\xampp\htdocs\store\admin\model\extension\advertise\google.php on line 413
2021-11-27 13:53:05 - PHP Warning:  googleshopping\Googleshopping::integer(): Argument #1 ($product_id) must be passed by reference, value given in C:\xampp\htdocs\store\system\library\googleshopping\googleshopping.php on line 583
2021-11-27 13:53:05 - PHP Warning:  googleshopping\Googleshopping::integer(): Argument #1 ($product_id) must be passed by reference, value given in C:\xampp\htdocs\store\system\library\googleshopping\googleshopping.php on line 583
2021-11-27 13:53:05 - PHP Warning:  googleshopping\Googleshopping::integer(): Argument #1 ($product_id) must be passed by reference, value given in C:\xampp\htdocs\store\system\library\googleshopping\googleshopping.php on line 583
2021-11-27 13:53:05 - PHP Warning:  googleshopping\Googleshopping::integer(): Argument #1 ($product_id) must be passed by reference, value given in C:\xampp\htdocs\store\system\library\googleshopping\googleshopping.php on line 583
2021-11-27 13:53:05 - PHP Warning:  googleshopping\Googleshopping::integer(): Argument #1 ($product_id) must be passed by reference, value given in C:\xampp\htdocs\store\system\library\googleshopping\googleshopping.php on line 583
2021-11-27 13:53:05 - PHP Warning:  googleshopping\Googleshopping::integer(): Argument #1 ($product_id) must be passed by reference, value given in C:\xampp\htdocs\store\system\library\googleshopping\googleshopping.php on line 583
2021-11-27 13:53:05 - PHP Warning:  googleshopping\Googleshopping::integer(): Argument #1 ($product_id) must be passed by reference, value given in C:\xampp\htdocs\store\system\library\googleshopping\googleshopping.php on line 583
2021-11-27 13:53:05 - PHP Warning:  googleshopping\Googleshopping::integer(): Argument #1 ($product_id) must be passed by reference, value given in C:\xampp\htdocs\store\system\library\googleshopping\googleshopping.php on line 583
2021-11-27 13:53:05 - PHP Warning:  googleshopping\Googleshopping::integer(): Argument #1 ($product_id) must be passed by reference, value given in C:\xampp\htdocs\store\system\library\googleshopping\googleshopping.php on line 583
2021-11-27 13:53:05 - PHP Warning:  googleshopping\Googleshopping::integer(): Argument #1 ($product_id) must be passed by reference, value given in C:\xampp\htdocs\store\system\library\googleshopping\googleshopping.php on line 583
2021-11-27 13:53:05 - PHP Warning:  googleshopping\Googleshopping::integer(): Argument #1 ($product_id) must be passed by reference, value given in C:\xampp\htdocs\store\system\library\googleshopping\googleshopping.php on line 583
2021-11-27 13:53:05 - PHP Warning:  googleshopping\Googleshopping::integer(): Argument #1 ($product_id) must be passed by reference, value given in C:\xampp\htdocs\store\system\library\googleshopping\googleshopping.php on line 583
2021-11-27 13:53:05 - PHP Warning:  googleshopping\Googleshopping::integer(): Argument #1 ($product_id) must be passed by reference, value given in C:\xampp\htdocs\store\system\library\googleshopping\googleshopping.php on line 583
2021-11-27 13:53:05 - PHP Warning:  googleshopping\Googleshopping::integer(): Argument #1 ($product_id) must be passed by reference, value given in C:\xampp\htdocs\store\system\library\googleshopping\googleshopping.php on line 583
2021-11-27 13:53:05 - PHP Warning:  googleshopping\Googleshopping::integer(): Argument #1 ($product_id) must be passed by reference, value given in C:\xampp\htdocs\store\system\library\googleshopping\googleshopping.php on line 583
2021-11-27 13:53:05 - PHP Warning:  googleshopping\Googleshopping::integer(): Argument #1 ($product_id) must be passed by reference, value given in C:\xampp\htdocs\store\system\library\googleshopping\googleshopping.php on line 583
2021-11-27 13:53:39 - PHP Unknown:  Required parameter $store_id follows optional parameter $product_ids in C:\xampp\htdocs\store\admin\model\extension\advertise\google.php on line 341
2021-11-27 13:53:39 - PHP Unknown:  Required parameter $store_id follows optional parameter $data in C:\xampp\htdocs\store\admin\model\extension\advertise\google.php on line 413
2021-11-27 13:53:39 - PHP Warning:  googleshopping\Googleshopping::integer(): Argument #1 ($product_id) must be passed by reference, value given in C:\xampp\htdocs\store\system\library\googleshopping\googleshopping.php on line 583
2021-11-27 13:53:39 - PHP Warning:  googleshopping\Googleshopping::integer(): Argument #1 ($product_id) must be passed by reference, value given in C:\xampp\htdocs\store\system\library\googleshopping\googleshopping.php on line 583
2021-11-27 13:53:39 - PHP Warning:  googleshopping\Googleshopping::integer(): Argument #1 ($product_id) must be passed by reference, value given in C:\xampp\htdocs\store\system\library\googleshopping\googleshopping.php on line 583
2021-11-27 13:53:39 - PHP Warning:  googleshopping\Googleshopping::integer(): Argument #1 ($product_id) must be passed by reference, value given in C:\xampp\htdocs\store\system\library\googleshopping\googleshopping.php on line 583
2021-11-27 13:53:39 - PHP Warning:  googleshopping\Googleshopping::integer(): Argument #1 ($product_id) must be passed by reference, value given in C:\xampp\htdocs\store\system\library\googleshopping\googleshopping.php on line 583
2021-11-27 13:53:39 - PHP Warning:  googleshopping\Googleshopping::integer(): Argument #1 ($product_id) must be passed by reference, value given in C:\xampp\htdocs\store\system\library\googleshopping\googleshopping.php on line 583
2021-11-27 13:53:39 - PHP Warning:  googleshopping\Googleshopping::integer(): Argument #1 ($product_id) must be passed by reference, value given in C:\xampp\htdocs\store\system\library\googleshopping\googleshopping.php on line 583
2021-11-27 13:53:39 - PHP Warning:  googleshopping\Googleshopping::integer(): Argument #1 ($product_id) must be passed by reference, value given in C:\xampp\htdocs\store\system\library\googleshopping\googleshopping.php on line 583
2021-11-27 13:53:39 - PHP Warning:  googleshopping\Googleshopping::integer(): Argument #1 ($product_id) must be passed by reference, value given in C:\xampp\htdocs\store\system\library\googleshopping\googleshopping.php on line 583
2021-11-27 13:53:39 - PHP Warning:  googleshopping\Googleshopping::integer(): Argument #1 ($product_id) must be passed by reference, value given in C:\xampp\htdocs\store\system\library\googleshopping\googleshopping.php on line 583
2021-11-27 13:53:39 - PHP Warning:  googleshopping\Googleshopping::integer(): Argument #1 ($product_id) must be passed by reference, value given in C:\xampp\htdocs\store\system\library\googleshopping\googleshopping.php on line 583
2021-11-27 13:53:39 - PHP Warning:  googleshopping\Googleshopping::integer(): Argument #1 ($product_id) must be passed by reference, value given in C:\xampp\htdocs\store\system\library\googleshopping\googleshopping.php on line 583
2021-11-27 13:53:39 - PHP Warning:  googleshopping\Googleshopping::integer(): Argument #1 ($product_id) must be passed by reference, value given in C:\xampp\htdocs\store\system\library\googleshopping\googleshopping.php on line 583
2021-11-27 13:53:39 - PHP Warning:  googleshopping\Googleshopping::integer(): Argument #1 ($product_id) must be passed by reference, value given in C:\xampp\htdocs\store\system\library\googleshopping\googleshopping.php on line 583
2021-11-27 13:53:39 - PHP Warning:  googleshopping\Googleshopping::integer(): Argument #1 ($product_id) must be passed by reference, value given in C:\xampp\htdocs\store\system\library\googleshopping\googleshopping.php on line 583
2021-11-27 13:53:39 - PHP Warning:  googleshopping\Googleshopping::integer(): Argument #1 ($product_id) must be passed by reference, value given in C:\xampp\htdocs\store\system\library\googleshopping\googleshopping.php on line 583
2021-11-27 13:53:39 - PHP Warning:  googleshopping\Googleshopping::integer(): Argument #1 ($product_id) must be passed by reference, value given in C:\xampp\htdocs\store\system\library\googleshopping\googleshopping.php on line 583
2021-11-27 13:53:39 - PHP Warning:  googleshopping\Googleshopping::integer(): Argument #1 ($product_id) must be passed by reference, value given in C:\xampp\htdocs\store\system\library\googleshopping\googleshopping.php on line 583
2021-11-27 13:53:39 - PHP Warning:  googleshopping\Googleshopping::integer(): Argument #1 ($product_id) must be passed by reference, value given in C:\xampp\htdocs\store\system\library\googleshopping\googleshopping.php on line 583
2021-11-27 13:53:39 - PHP Warning:  googleshopping\Googleshopping::integer(): Argument #1 ($product_id) must be passed by reference, value given in C:\xampp\htdocs\store\system\library\googleshopping\googleshopping.php on line 583
2021-11-27 13:53:39 - PHP Warning:  googleshopping\Googleshopping::integer(): Argument #1 ($product_id) must be passed by reference, value given in C:\xampp\htdocs\store\system\library\googleshopping\googleshopping.php on line 583
2021-11-27 13:53:39 - PHP Warning:  googleshopping\Googleshopping::integer(): Argument #1 ($product_id) must be passed by reference, value given in C:\xampp\htdocs\store\system\library\googleshopping\googleshopping.php on line 583
2021-11-27 13:53:39 - PHP Warning:  googleshopping\Googleshopping::integer(): Argument #1 ($product_id) must be passed by reference, value given in C:\xampp\htdocs\store\system\library\googleshopping\googleshopping.php on line 583
2021-11-27 13:53:39 - PHP Warning:  googleshopping\Googleshopping::integer(): Argument #1 ($product_id) must be passed by reference, value given in C:\xampp\htdocs\store\system\library\googleshopping\googleshopping.php on line 583
2021-11-27 13:53:39 - PHP Warning:  Cannot modify header information - headers already sent by (output started at C:\xampp\htdocs\store\admin\controller\startup\error.php:34) in C:\xampp\htdocs\store\system\library\response.php on line 36
2021-11-27 13:53:44 - PHP Unknown:  Required parameter $store_id follows optional parameter $product_ids in C:\xampp\htdocs\store\admin\model\extension\advertise\google.php on line 341
2021-11-27 13:53:44 - PHP Unknown:  Required parameter $store_id follows optional parameter $data in C:\xampp\htdocs\store\admin\model\extension\advertise\google.php on line 413
2021-11-27 13:53:44 - PHP Warning:  googleshopping\Googleshopping::integer(): Argument #1 ($product_id) must be passed by reference, value given in C:\xampp\htdocs\store\system\library\googleshopping\googleshopping.php on line 583
2021-11-27 13:53:44 - PHP Warning:  googleshopping\Googleshopping::integer(): Argument #1 ($product_id) must be passed by reference, value given in C:\xampp\htdocs\store\system\library\googleshopping\googleshopping.php on line 583
2021-11-27 13:53:44 - PHP Warning:  googleshopping\Googleshopping::integer(): Argument #1 ($product_id) must be passed by reference, value given in C:\xampp\htdocs\store\system\library\googleshopping\googleshopping.php on line 583
2021-11-27 13:53:44 - PHP Warning:  googleshopping\Googleshopping::integer(): Argument #1 ($product_id) must be passed by reference, value given in C:\xampp\htdocs\store\system\library\googleshopping\googleshopping.php on line 583
2021-11-27 13:53:44 - PHP Warning:  googleshopping\Googleshopping::integer(): Argument #1 ($product_id) must be passed by reference, value given in C:\xampp\htdocs\store\system\library\googleshopping\googleshopping.php on line 583
2021-11-27 13:53:44 - PHP Warning:  googleshopping\Googleshopping::integer(): Argument #1 ($product_id) must be passed by reference, value given in C:\xampp\htdocs\store\system\library\googleshopping\googleshopping.php on line 583
2021-11-27 13:53:44 - PHP Warning:  googleshopping\Googleshopping::integer(): Argument #1 ($product_id) must be passed by reference, value given in C:\xampp\htdocs\store\system\library\googleshopping\googleshopping.php on line 583
2021-11-27 13:53:44 - PHP Warning:  googleshopping\Googleshopping::integer(): Argument #1 ($product_id) must be passed by reference, value given in C:\xampp\htdocs\store\system\library\googleshopping\googleshopping.php on line 583
2021-11-27 13:53:44 - PHP Warning:  googleshopping\Googleshopping::integer(): Argument #1 ($product_id) must be passed by reference, value given in C:\xampp\htdocs\store\system\library\googleshopping\googleshopping.php on line 583
2021-11-27 13:53:44 - PHP Warning:  googleshopping\Googleshopping::integer(): Argument #1 ($product_id) must be passed by reference, value given in C:\xampp\htdocs\store\system\library\googleshopping\googleshopping.php on line 583
2021-11-27 13:53:44 - PHP Warning:  googleshopping\Googleshopping::integer(): Argument #1 ($product_id) must be passed by reference, value given in C:\xampp\htdocs\store\system\library\googleshopping\googleshopping.php on line 583
2021-11-27 13:53:44 - PHP Warning:  googleshopping\Googleshopping::integer(): Argument #1 ($product_id) must be passed by reference, value given in C:\xampp\htdocs\store\system\library\googleshopping\googleshopping.php on line 583
2021-11-27 13:53:44 - PHP Warning:  googleshopping\Googleshopping::integer(): Argument #1 ($product_id) must be passed by reference, value given in C:\xampp\htdocs\store\system\library\googleshopping\googleshopping.php on line 583
2021-11-27 13:53:44 - PHP Warning:  googleshopping\Googleshopping::integer(): Argument #1 ($product_id) must be passed by reference, value given in C:\xampp\htdocs\store\system\library\googleshopping\googleshopping.php on line 583
2021-11-27 13:53:44 - PHP Warning:  googleshopping\Googleshopping::integer(): Argument #1 ($product_id) must be passed by reference, value given in C:\xampp\htdocs\store\system\library\googleshopping\googleshopping.php on line 583
2021-11-27 13:53:44 - PHP Warning:  googleshopping\Googleshopping::integer(): Argument #1 ($product_id) must be passed by reference, value given in C:\xampp\htdocs\store\system\library\googleshopping\googleshopping.php on line 583
2021-11-27 13:53:44 - PHP Warning:  googleshopping\Googleshopping::integer(): Argument #1 ($product_id) must be passed by reference, value given in C:\xampp\htdocs\store\system\library\googleshopping\googleshopping.php on line 583
2021-11-27 13:53:44 - PHP Warning:  googleshopping\Googleshopping::integer(): Argument #1 ($product_id) must be passed by reference, value given in C:\xampp\htdocs\store\system\library\googleshopping\googleshopping.php on line 583
2021-11-27 13:53:44 - PHP Warning:  googleshopping\Googleshopping::integer(): Argument #1 ($product_id) must be passed by reference, value given in C:\xampp\htdocs\store\system\library\googleshopping\googleshopping.php on line 583
2021-11-27 13:53:44 - PHP Warning:  googleshopping\Googleshopping::integer(): Argument #1 ($product_id) must be passed by reference, value given in C:\xampp\htdocs\store\system\library\googleshopping\googleshopping.php on line 583
2021-11-27 13:53:44 - PHP Warning:  googleshopping\Googleshopping::integer(): Argument #1 ($product_id) must be passed by reference, value given in C:\xampp\htdocs\store\system\library\googleshopping\googleshopping.php on line 583
2021-11-27 13:53:44 - PHP Warning:  googleshopping\Googleshopping::integer(): Argument #1 ($product_id) must be passed by reference, value given in C:\xampp\htdocs\store\system\library\googleshopping\googleshopping.php on line 583
2021-11-27 13:53:44 - PHP Warning:  googleshopping\Googleshopping::integer(): Argument #1 ($product_id) must be passed by reference, value given in C:\xampp\htdocs\store\system\library\googleshopping\googleshopping.php on line 583
2021-11-27 13:53:44 - PHP Warning:  googleshopping\Googleshopping::integer(): Argument #1 ($product_id) must be passed by reference, value given in C:\xampp\htdocs\store\system\library\googleshopping\googleshopping.php on line 583
2021-11-27 13:53:44 - PHP Warning:  Cannot modify header information - headers already sent by (output started at C:\xampp\htdocs\store\admin\controller\startup\error.php:34) in C:\xampp\htdocs\store\system\library\response.php on line 36
2021-11-27 13:54:02 - PHP Unknown:  Required parameter $store_id follows optional parameter $product_ids in C:\xampp\htdocs\store\admin\model\extension\advertise\google.php on line 341
2021-11-27 13:54:02 - PHP Unknown:  Required parameter $store_id follows optional parameter $data in C:\xampp\htdocs\store\admin\model\extension\advertise\google.php on line 413
2021-11-27 13:54:02 - PHP Warning:  googleshopping\Googleshopping::integer(): Argument #1 ($product_id) must be passed by reference, value given in C:\xampp\htdocs\store\system\library\googleshopping\googleshopping.php on line 583
2021-11-27 13:54:02 - PHP Warning:  googleshopping\Googleshopping::integer(): Argument #1 ($product_id) must be passed by reference, value given in C:\xampp\htdocs\store\system\library\googleshopping\googleshopping.php on line 583
2021-11-27 13:54:02 - PHP Warning:  googleshopping\Googleshopping::integer(): Argument #1 ($product_id) must be passed by reference, value given in C:\xampp\htdocs\store\system\library\googleshopping\googleshopping.php on line 583
2021-11-27 13:54:02 - PHP Warning:  googleshopping\Googleshopping::integer(): Argument #1 ($product_id) must be passed by reference, value given in C:\xampp\htdocs\store\system\library\googleshopping\googleshopping.php on line 583
2021-11-27 13:54:02 - PHP Warning:  googleshopping\Googleshopping::integer(): Argument #1 ($product_id) must be passed by reference, value given in C:\xampp\htdocs\store\system\library\googleshopping\googleshopping.php on line 583
2021-11-27 13:54:02 - PHP Warning:  googleshopping\Googleshopping::integer(): Argument #1 ($product_id) must be passed by reference, value given in C:\xampp\htdocs\store\system\library\googleshopping\googleshopping.php on line 583
2021-11-27 13:54:16 - PHP Unknown:  Required parameter $store_id follows optional parameter $product_ids in C:\xampp\htdocs\store\admin\model\extension\advertise\google.php on line 341
2021-11-27 13:54:16 - PHP Unknown:  Required parameter $store_id follows optional parameter $data in C:\xampp\htdocs\store\admin\model\extension\advertise\google.php on line 413
2021-11-27 13:54:16 - PHP Warning:  googleshopping\Googleshopping::integer(): Argument #1 ($product_id) must be passed by reference, value given in C:\xampp\htdocs\store\system\library\googleshopping\googleshopping.php on line 583
2021-11-27 13:54:16 - PHP Warning:  googleshopping\Googleshopping::integer(): Argument #1 ($product_id) must be passed by reference, value given in C:\xampp\htdocs\store\system\library\googleshopping\googleshopping.php on line 583
2021-11-27 13:54:16 - PHP Warning:  googleshopping\Googleshopping::integer(): Argument #1 ($product_id) must be passed by reference, value given in C:\xampp\htdocs\store\system\library\googleshopping\googleshopping.php on line 583
2021-11-27 13:54:16 - PHP Warning:  googleshopping\Googleshopping::integer(): Argument #1 ($product_id) must be passed by reference, value given in C:\xampp\htdocs\store\system\library\googleshopping\googleshopping.php on line 583
2021-11-27 13:54:16 - PHP Warning:  googleshopping\Googleshopping::integer(): Argument #1 ($product_id) must be passed by reference, value given in C:\xampp\htdocs\store\system\library\googleshopping\googleshopping.php on line 583
2021-11-27 13:54:16 - PHP Warning:  googleshopping\Googleshopping::integer(): Argument #1 ($product_id) must be passed by reference, value given in C:\xampp\htdocs\store\system\library\googleshopping\googleshopping.php on line 583
2021-11-27 13:54:16 - PHP Warning:  googleshopping\Googleshopping::integer(): Argument #1 ($product_id) must be passed by reference, value given in C:\xampp\htdocs\store\system\library\googleshopping\googleshopping.php on line 583
2021-11-27 13:54:16 - PHP Warning:  googleshopping\Googleshopping::integer(): Argument #1 ($product_id) must be passed by reference, value given in C:\xampp\htdocs\store\system\library\googleshopping\googleshopping.php on line 583
2021-11-27 13:54:16 - PHP Warning:  googleshopping\Googleshopping::integer(): Argument #1 ($product_id) must be passed by reference, value given in C:\xampp\htdocs\store\system\library\googleshopping\googleshopping.php on line 583
2021-11-27 13:54:16 - PHP Warning:  googleshopping\Googleshopping::integer(): Argument #1 ($product_id) must be passed by reference, value given in C:\xampp\htdocs\store\system\library\googleshopping\googleshopping.php on line 583
2021-11-27 13:54:16 - PHP Warning:  googleshopping\Googleshopping::integer(): Argument #1 ($product_id) must be passed by reference, value given in C:\xampp\htdocs\store\system\library\googleshopping\googleshopping.php on line 583
2021-11-27 13:54:16 - PHP Warning:  googleshopping\Googleshopping::integer(): Argument #1 ($product_id) must be passed by reference, value given in C:\xampp\htdocs\store\system\library\googleshopping\googleshopping.php on line 583
2021-11-27 13:54:16 - PHP Warning:  googleshopping\Googleshopping::integer(): Argument #1 ($product_id) must be passed by reference, value given in C:\xampp\htdocs\store\system\library\googleshopping\googleshopping.php on line 583
2021-11-27 13:54:16 - PHP Warning:  googleshopping\Googleshopping::integer(): Argument #1 ($product_id) must be passed by reference, value given in C:\xampp\htdocs\store\system\library\googleshopping\googleshopping.php on line 583
2021-11-27 13:54:16 - PHP Warning:  googleshopping\Googleshopping::integer(): Argument #1 ($product_id) must be passed by reference, value given in C:\xampp\htdocs\store\system\library\googleshopping\googleshopping.php on line 583
2021-11-27 13:54:16 - PHP Warning:  googleshopping\Googleshopping::integer(): Argument #1 ($product_id) must be passed by reference, value given in C:\xampp\htdocs\store\system\library\googleshopping\googleshopping.php on line 583
2021-11-27 13:54:16 - PHP Warning:  googleshopping\Googleshopping::integer(): Argument #1 ($product_id) must be passed by reference, value given in C:\xampp\htdocs\store\system\library\googleshopping\googleshopping.php on line 583
2021-11-27 13:54:16 - PHP Warning:  googleshopping\Googleshopping::integer(): Argument #1 ($product_id) must be passed by reference, value given in C:\xampp\htdocs\store\system\library\googleshopping\googleshopping.php on line 583
2021-11-27 13:54:16 - PHP Warning:  Cannot modify header information - headers already sent by (output started at C:\xampp\htdocs\store\admin\controller\startup\error.php:34) in C:\xampp\htdocs\store\system\library\response.php on line 36
2021-11-27 13:54:31 - PHP Unknown:  Required parameter $store_id follows optional parameter $product_ids in C:\xampp\htdocs\store\admin\model\extension\advertise\google.php on line 341
2021-11-27 13:54:31 - PHP Unknown:  Required parameter $store_id follows optional parameter $data in C:\xampp\htdocs\store\admin\model\extension\advertise\google.php on line 413
2021-11-27 13:54:31 - PHP Warning:  googleshopping\Googleshopping::integer(): Argument #1 ($product_id) must be passed by reference, value given in C:\xampp\htdocs\store\system\library\googleshopping\googleshopping.php on line 583
2021-11-27 13:54:31 - PHP Warning:  googleshopping\Googleshopping::integer(): Argument #1 ($product_id) must be passed by reference, value given in C:\xampp\htdocs\store\system\library\googleshopping\googleshopping.php on line 583
2021-11-27 13:54:31 - PHP Warning:  googleshopping\Googleshopping::integer(): Argument #1 ($product_id) must be passed by reference, value given in C:\xampp\htdocs\store\system\library\googleshopping\googleshopping.php on line 583
2021-11-27 13:54:31 - PHP Warning:  googleshopping\Googleshopping::integer(): Argument #1 ($product_id) must be passed by reference, value given in C:\xampp\htdocs\store\system\library\googleshopping\googleshopping.php on line 583
2021-11-27 13:54:31 - PHP Warning:  googleshopping\Googleshopping::integer(): Argument #1 ($product_id) must be passed by reference, value given in C:\xampp\htdocs\store\system\library\googleshopping\googleshopping.php on line 583
2021-11-27 13:54:31 - PHP Warning:  googleshopping\Googleshopping::integer(): Argument #1 ($product_id) must be passed by reference, value given in C:\xampp\htdocs\store\system\library\googleshopping\googleshopping.php on line 583
2021-11-27 13:54:31 - PHP Warning:  googleshopping\Googleshopping::integer(): Argument #1 ($product_id) must be passed by reference, value given in C:\xampp\htdocs\store\system\library\googleshopping\googleshopping.php on line 583
2021-11-27 13:54:31 - PHP Warning:  googleshopping\Googleshopping::integer(): Argument #1 ($product_id) must be passed by reference, value given in C:\xampp\htdocs\store\system\library\googleshopping\googleshopping.php on line 583
2021-11-27 13:54:31 - PHP Warning:  googleshopping\Googleshopping::integer(): Argument #1 ($product_id) must be passed by reference, value given in C:\xampp\htdocs\store\system\library\googleshopping\googleshopping.php on line 583
2021-11-27 13:54:31 - PHP Warning:  googleshopping\Googleshopping::integer(): Argument #1 ($product_id) must be passed by reference, value given in C:\xampp\htdocs\store\system\library\googleshopping\googleshopping.php on line 583
2021-11-27 13:54:31 - PHP Warning:  googleshopping\Googleshopping::integer(): Argument #1 ($product_id) must be passed by reference, value given in C:\xampp\htdocs\store\system\library\googleshopping\googleshopping.php on line 583
2021-11-27 13:54:31 - PHP Warning:  googleshopping\Googleshopping::integer(): Argument #1 ($product_id) must be passed by reference, value given in C:\xampp\htdocs\store\system\library\googleshopping\googleshopping.php on line 583
2021-11-27 13:54:31 - PHP Warning:  googleshopping\Googleshopping::integer(): Argument #1 ($product_id) must be passed by reference, value given in C:\xampp\htdocs\store\system\library\googleshopping\googleshopping.php on line 583
2021-11-27 13:54:31 - PHP Warning:  googleshopping\Googleshopping::integer(): Argument #1 ($product_id) must be passed by reference, value given in C:\xampp\htdocs\store\system\library\googleshopping\googleshopping.php on line 583
2021-11-27 13:54:31 - PHP Warning:  googleshopping\Googleshopping::integer(): Argument #1 ($product_id) must be passed by reference, value given in C:\xampp\htdocs\store\system\library\googleshopping\googleshopping.php on line 583
2021-11-27 13:54:44 - PHP Unknown:  Required parameter $store_id follows optional parameter $product_ids in C:\xampp\htdocs\store\admin\model\extension\advertise\google.php on line 341
2021-11-27 13:54:44 - PHP Unknown:  Required parameter $store_id follows optional parameter $data in C:\xampp\htdocs\store\admin\model\extension\advertise\google.php on line 413
2021-11-27 13:54:44 - PHP Warning:  googleshopping\Googleshopping::integer(): Argument #1 ($product_id) must be passed by reference, value given in C:\xampp\htdocs\store\system\library\googleshopping\googleshopping.php on line 583
2021-11-27 13:54:44 - PHP Warning:  googleshopping\Googleshopping::integer(): Argument #1 ($product_id) must be passed by reference, value given in C:\xampp\htdocs\store\system\library\googleshopping\googleshopping.php on line 583
2021-11-27 13:54:44 - PHP Warning:  googleshopping\Googleshopping::integer(): Argument #1 ($product_id) must be passed by reference, value given in C:\xampp\htdocs\store\system\library\googleshopping\googleshopping.php on line 583
2021-11-27 13:54:44 - PHP Warning:  googleshopping\Googleshopping::integer(): Argument #1 ($product_id) must be passed by reference, value given in C:\xampp\htdocs\store\system\library\googleshopping\googleshopping.php on line 583
2021-11-27 13:54:44 - PHP Warning:  googleshopping\Googleshopping::integer(): Argument #1 ($product_id) must be passed by reference, value given in C:\xampp\htdocs\store\system\library\googleshopping\googleshopping.php on line 583
2021-11-27 13:54:44 - PHP Warning:  googleshopping\Googleshopping::integer(): Argument #1 ($product_id) must be passed by reference, value given in C:\xampp\htdocs\store\system\library\googleshopping\googleshopping.php on line 583
2021-11-27 13:54:44 - PHP Warning:  googleshopping\Googleshopping::integer(): Argument #1 ($product_id) must be passed by reference, value given in C:\xampp\htdocs\store\system\library\googleshopping\googleshopping.php on line 583
2021-11-27 13:54:44 - PHP Warning:  googleshopping\Googleshopping::integer(): Argument #1 ($product_id) must be passed by reference, value given in C:\xampp\htdocs\store\system\library\googleshopping\googleshopping.php on line 583
2021-11-27 13:54:44 - PHP Warning:  googleshopping\Googleshopping::integer(): Argument #1 ($product_id) must be passed by reference, value given in C:\xampp\htdocs\store\system\library\googleshopping\googleshopping.php on line 583
2021-11-27 13:54:44 - PHP Warning:  googleshopping\Googleshopping::integer(): Argument #1 ($product_id) must be passed by reference, value given in C:\xampp\htdocs\store\system\library\googleshopping\googleshopping.php on line 583
2021-11-27 13:54:44 - PHP Warning:  googleshopping\Googleshopping::integer(): Argument #1 ($product_id) must be passed by reference, value given in C:\xampp\htdocs\store\system\library\googleshopping\googleshopping.php on line 583
2021-11-27 13:54:44 - PHP Warning:  googleshopping\Googleshopping::integer(): Argument #1 ($product_id) must be passed by reference, value given in C:\xampp\htdocs\store\system\library\googleshopping\googleshopping.php on line 583
2021-11-27 14:03:31 - PHP Warning:  Undefined array key "code" in C:\xampp\htdocs\store\admin\model\design\layout.php on line 38
2021-11-27 14:03:31 - PHP Warning:  Undefined array key "code" in C:\xampp\htdocs\store\admin\model\design\layout.php on line 38
2021-11-27 14:15:58 - PHP Unknown:  Required parameter $store_id follows optional parameter $product_ids in C:\xampp\htdocs\store\admin\model\extension\advertise\google.php on line 341
2021-11-27 14:15:58 - PHP Unknown:  Required parameter $store_id follows optional parameter $data in C:\xampp\htdocs\store\admin\model\extension\advertise\google.php on line 413
2021-11-27 14:15:58 - PHP Warning:  googleshopping\Googleshopping::integer(): Argument #1 ($product_id) must be passed by reference, value given in C:\xampp\htdocs\store\system\library\googleshopping\googleshopping.php on line 583
2021-11-27 21:48:07 - PHP Warning:  mail(): Failed to connect to mailserver at &quot;localhost&quot; port 25, verify your &quot;SMTP&quot; and &quot;smtp_port&quot; setting in php.ini or use ini_set() in C:\xampp\htdocs\store\system\library\mail\mail.php on line 77
2021-11-27 21:48:09 - PHP Warning:  mail(): Failed to connect to mailserver at &quot;localhost&quot; port 25, verify your &quot;SMTP&quot; and &quot;smtp_port&quot; setting in php.ini or use ini_set() in C:\xampp\htdocs\store\system\library\mail\mail.php on line 77
2021-11-27 21:48:28 - PHP Warning:  mail(): Failed to connect to mailserver at &quot;localhost&quot; port 25, verify your &quot;SMTP&quot; and &quot;smtp_port&quot; setting in php.ini or use ini_set() in C:\xampp\htdocs\store\system\library\mail\mail.php on line 77
2021-11-27 21:48:30 - PHP Warning:  mail(): Failed to connect to mailserver at &quot;localhost&quot; port 25, verify your &quot;SMTP&quot; and &quot;smtp_port&quot; setting in php.ini or use ini_set() in C:\xampp\htdocs\store\system\library\mail\mail.php on line 77
2021-11-27 22:05:06 - PHP Unknown:  Required parameter $store_id follows optional parameter $product_ids in C:\xampp\htdocs\store\admin\model\extension\advertise\google.php on line 341
2021-11-27 22:05:06 - PHP Unknown:  Required parameter $store_id follows optional parameter $data in C:\xampp\htdocs\store\admin\model\extension\advertise\google.php on line 413
2021-11-27 22:05:06 - PHP Warning:  googleshopping\Googleshopping::integer(): Argument #1 ($product_id) must be passed by reference, value given in C:\xampp\htdocs\store\system\library\googleshopping\googleshopping.php on line 583
2021-11-27 22:05:06 - PHP Warning:  googleshopping\Googleshopping::integer(): Argument #1 ($product_id) must be passed by reference, value given in C:\xampp\htdocs\store\system\library\googleshopping\googleshopping.php on line 583
2021-11-27 22:05:06 - PHP Warning:  googleshopping\Googleshopping::integer(): Argument #1 ($product_id) must be passed by reference, value given in C:\xampp\htdocs\store\system\library\googleshopping\googleshopping.php on line 583
2021-11-27 22:05:06 - PHP Warning:  googleshopping\Googleshopping::integer(): Argument #1 ($product_id) must be passed by reference, value given in C:\xampp\htdocs\store\system\library\googleshopping\googleshopping.php on line 583
2021-11-27 22:05:06 - PHP Warning:  googleshopping\Googleshopping::integer(): Argument #1 ($product_id) must be passed by reference, value given in C:\xampp\htdocs\store\system\library\googleshopping\googleshopping.php on line 583
2021-11-27 22:05:06 - PHP Warning:  googleshopping\Googleshopping::integer(): Argument #1 ($product_id) must be passed by reference, value given in C:\xampp\htdocs\store\system\library\googleshopping\googleshopping.php on line 583
2021-11-27 22:05:06 - PHP Warning:  googleshopping\Googleshopping::integer(): Argument #1 ($product_id) must be passed by reference, value given in C:\xampp\htdocs\store\system\library\googleshopping\googleshopping.php on line 583
2021-11-27 22:05:06 - PHP Warning:  googleshopping\Googleshopping::integer(): Argument #1 ($product_id) must be passed by reference, value given in C:\xampp\htdocs\store\system\library\googleshopping\googleshopping.php on line 583
2021-11-27 22:05:06 - PHP Warning:  googleshopping\Googleshopping::integer(): Argument #1 ($product_id) must be passed by reference, value given in C:\xampp\htdocs\store\system\library\googleshopping\googleshopping.php on line 583
2021-11-27 22:05:06 - PHP Warning:  googleshopping\Googleshopping::integer(): Argument #1 ($product_id) must be passed by reference, value given in C:\xampp\htdocs\store\system\library\googleshopping\googleshopping.php on line 583
2021-11-27 22:05:06 - PHP Warning:  googleshopping\Googleshopping::integer(): Argument #1 ($product_id) must be passed by reference, value given in C:\xampp\htdocs\store\system\library\googleshopping\googleshopping.php on line 583
2021-11-27 22:05:06 - PHP Warning:  googleshopping\Googleshopping::integer(): Argument #1 ($product_id) must be passed by reference, value given in C:\xampp\htdocs\store\system\library\googleshopping\googleshopping.php on line 583
2021-11-27 22:05:06 - PHP Warning:  googleshopping\Googleshopping::integer(): Argument #1 ($product_id) must be passed by reference, value given in C:\xampp\htdocs\store\system\library\googleshopping\googleshopping.php on line 583
2021-11-27 22:05:06 - PHP Warning:  googleshopping\Googleshopping::integer(): Argument #1 ($product_id) must be passed by reference, value given in C:\xampp\htdocs\store\system\library\googleshopping\googleshopping.php on line 583
2021-11-27 22:05:06 - PHP Warning:  googleshopping\Googleshopping::integer(): Argument #1 ($product_id) must be passed by reference, value given in C:\xampp\htdocs\store\system\library\googleshopping\googleshopping.php on line 583
2021-11-27 22:05:06 - PHP Warning:  googleshopping\Googleshopping::integer(): Argument #1 ($product_id) must be passed by reference, value given in C:\xampp\htdocs\store\system\library\googleshopping\googleshopping.php on line 583
2021-11-27 22:05:06 - PHP Warning:  googleshopping\Googleshopping::integer(): Argument #1 ($product_id) must be passed by reference, value given in C:\xampp\htdocs\store\system\library\googleshopping\googleshopping.php on line 583
2021-11-27 22:05:06 - PHP Warning:  googleshopping\Googleshopping::integer(): Argument #1 ($product_id) must be passed by reference, value given in C:\xampp\htdocs\store\system\library\googleshopping\googleshopping.php on line 583
2021-11-27 22:05:06 - PHP Warning:  googleshopping\Googleshopping::integer(): Argument #1 ($product_id) must be passed by reference, value given in C:\xampp\htdocs\store\system\library\googleshopping\googleshopping.php on line 583
2021-11-27 22:05:06 - PHP Warning:  googleshopping\Googleshopping::integer(): Argument #1 ($product_id) must be passed by reference, value given in C:\xampp\htdocs\store\system\library\googleshopping\googleshopping.php on line 583
2021-11-27 22:05:06 - PHP Warning:  googleshopping\Googleshopping::integer(): Argument #1 ($product_id) must be passed by reference, value given in C:\xampp\htdocs\store\system\library\googleshopping\googleshopping.php on line 583
2021-11-27 22:05:06 - PHP Warning:  googleshopping\Googleshopping::integer(): Argument #1 ($product_id) must be passed by reference, value given in C:\xampp\htdocs\store\system\library\googleshopping\googleshopping.php on line 583
2021-11-27 22:05:06 - PHP Warning:  googleshopping\Googleshopping::integer(): Argument #1 ($product_id) must be passed by reference, value given in C:\xampp\htdocs\store\system\library\googleshopping\googleshopping.php on line 583
2021-11-27 22:05:06 - PHP Warning:  googleshopping\Googleshopping::integer(): Argument #1 ($product_id) must be passed by reference, value given in C:\xampp\htdocs\store\system\library\googleshopping\googleshopping.php on line 583
2021-11-27 22:05:06 - PHP Warning:  googleshopping\Googleshopping::integer(): Argument #1 ($product_id) must be passed by reference, value given in C:\xampp\htdocs\store\system\library\googleshopping\googleshopping.php on line 583
2021-11-27 22:05:06 - PHP Warning:  googleshopping\Googleshopping::integer(): Argument #1 ($product_id) must be passed by reference, value given in C:\xampp\htdocs\store\system\library\googleshopping\googleshopping.php on line 583
2021-11-27 22:05:06 - PHP Warning:  googleshopping\Googleshopping::integer(): Argument #1 ($product_id) must be passed by reference, value given in C:\xampp\htdocs\store\system\library\googleshopping\googleshopping.php on line 583
2021-11-27 22:05:06 - PHP Warning:  googleshopping\Googleshopping::integer(): Argument #1 ($product_id) must be passed by reference, value given in C:\xampp\htdocs\store\system\library\googleshopping\googleshopping.php on line 583
2021-11-27 22:05:06 - PHP Warning:  googleshopping\Googleshopping::integer(): Argument #1 ($product_id) must be passed by reference, value given in C:\xampp\htdocs\store\system\library\googleshopping\googleshopping.php on line 583
2021-11-27 22:05:06 - PHP Warning:  googleshopping\Googleshopping::integer(): Argument #1 ($product_id) must be passed by reference, value given in C:\xampp\htdocs\store\system\library\googleshopping\googleshopping.php on line 583
2021-11-27 22:05:06 - PHP Warning:  googleshopping\Googleshopping::integer(): Argument #1 ($product_id) must be passed by reference, value given in C:\xampp\htdocs\store\system\library\googleshopping\googleshopping.php on line 583
2021-11-27 22:05:06 - PHP Warning:  googleshopping\Googleshopping::integer(): Argument #1 ($product_id) must be passed by reference, value given in C:\xampp\htdocs\store\system\library\googleshopping\googleshopping.php on line 583
2021-11-27 22:05:06 - PHP Warning:  googleshopping\Googleshopping::integer(): Argument #1 ($product_id) must be passed by reference, value given in C:\xampp\htdocs\store\system\library\googleshopping\googleshopping.php on line 583
2021-11-27 22:05:06 - PHP Warning:  googleshopping\Googleshopping::integer(): Argument #1 ($product_id) must be passed by reference, value given in C:\xampp\htdocs\store\system\library\googleshopping\googleshopping.php on line 583
2021-11-27 22:05:06 - PHP Warning:  googleshopping\Googleshopping::integer(): Argument #1 ($product_id) must be passed by reference, value given in C:\xampp\htdocs\store\system\library\googleshopping\googleshopping.php on line 583
2021-11-27 22:05:06 - PHP Warning:  googleshopping\Googleshopping::integer(): Argument #1 ($product_id) must be passed by reference, value given in C:\xampp\htdocs\store\system\library\googleshopping\googleshopping.php on line 583
2021-11-27 22:05:06 - PHP Warning:  Cannot modify header information - headers already sent by (output started at C:\xampp\htdocs\store\admin\controller\startup\error.php:34) in C:\xampp\htdocs\store\system\library\response.php on line 36
2021-11-27 22:05:16 - PHP Unknown:  Required parameter $store_id follows optional parameter $product_ids in C:\xampp\htdocs\store\admin\model\extension\advertise\google.php on line 341
2021-11-27 22:05:16 - PHP Unknown:  Required parameter $store_id follows optional parameter $data in C:\xampp\htdocs\store\admin\model\extension\advertise\google.php on line 413
2021-11-27 22:05:16 - PHP Warning:  googleshopping\Googleshopping::integer(): Argument #1 ($product_id) must be passed by reference, value given in C:\xampp\htdocs\store\system\library\googleshopping\googleshopping.php on line 583
2021-11-27 22:05:16 - PHP Warning:  googleshopping\Googleshopping::integer(): Argument #1 ($product_id) must be passed by reference, value given in C:\xampp\htdocs\store\system\library\googleshopping\googleshopping.php on line 583
2021-11-27 22:05:16 - PHP Warning:  googleshopping\Googleshopping::integer(): Argument #1 ($product_id) must be passed by reference, value given in C:\xampp\htdocs\store\system\library\googleshopping\googleshopping.php on line 583
2021-11-27 22:05:16 - PHP Warning:  googleshopping\Googleshopping::integer(): Argument #1 ($product_id) must be passed by reference, value given in C:\xampp\htdocs\store\system\library\googleshopping\googleshopping.php on line 583
2021-11-27 22:05:16 - PHP Warning:  googleshopping\Googleshopping::integer(): Argument #1 ($product_id) must be passed by reference, value given in C:\xampp\htdocs\store\system\library\googleshopping\googleshopping.php on line 583
2021-11-27 22:05:16 - PHP Warning:  googleshopping\Googleshopping::integer(): Argument #1 ($product_id) must be passed by reference, value given in C:\xampp\htdocs\store\system\library\googleshopping\googleshopping.php on line 583
2021-11-27 22:05:16 - PHP Warning:  googleshopping\Googleshopping::integer(): Argument #1 ($product_id) must be passed by reference, value given in C:\xampp\htdocs\store\system\library\googleshopping\googleshopping.php on line 583
2021-11-27 22:05:16 - PHP Warning:  googleshopping\Googleshopping::integer(): Argument #1 ($product_id) must be passed by reference, value given in C:\xampp\htdocs\store\system\library\googleshopping\googleshopping.php on line 583
2021-11-27 22:05:16 - PHP Warning:  googleshopping\Googleshopping::integer(): Argument #1 ($product_id) must be passed by reference, value given in C:\xampp\htdocs\store\system\library\googleshopping\googleshopping.php on line 583
2021-11-27 22:05:16 - PHP Warning:  googleshopping\Googleshopping::integer(): Argument #1 ($product_id) must be passed by reference, value given in C:\xampp\htdocs\store\system\library\googleshopping\googleshopping.php on line 583
2021-11-27 22:05:16 - PHP Warning:  googleshopping\Googleshopping::integer(): Argument #1 ($product_id) must be passed by reference, value given in C:\xampp\htdocs\store\system\library\googleshopping\googleshopping.php on line 583
2021-11-27 22:05:16 - PHP Warning:  googleshopping\Googleshopping::integer(): Argument #1 ($product_id) must be passed by reference, value given in C:\xampp\htdocs\store\system\library\googleshopping\googleshopping.php on line 583
2021-11-27 22:05:16 - PHP Warning:  googleshopping\Googleshopping::integer(): Argument #1 ($product_id) must be passed by reference, value given in C:\xampp\htdocs\store\system\library\googleshopping\googleshopping.php on line 583
2021-11-27 22:05:16 - PHP Warning:  googleshopping\Googleshopping::integer(): Argument #1 ($product_id) must be passed by reference, value given in C:\xampp\htdocs\store\system\library\googleshopping\googleshopping.php on line 583
2021-11-27 22:05:16 - PHP Warning:  googleshopping\Googleshopping::integer(): Argument #1 ($product_id) must be passed by reference, value given in C:\xampp\htdocs\store\system\library\googleshopping\googleshopping.php on line 583
2021-11-27 22:05:16 - PHP Warning:  googleshopping\Googleshopping::integer(): Argument #1 ($product_id) must be passed by reference, value given in C:\xampp\htdocs\store\system\library\googleshopping\googleshopping.php on line 583
2021-11-27 22:05:16 - PHP Warning:  googleshopping\Googleshopping::integer(): Argument #1 ($product_id) must be passed by reference, value given in C:\xampp\htdocs\store\system\library\googleshopping\googleshopping.php on line 583
2021-11-27 22:05:16 - PHP Warning:  googleshopping\Googleshopping::integer(): Argument #1 ($product_id) must be passed by reference, value given in C:\xampp\htdocs\store\system\library\googleshopping\googleshopping.php on line 583
2021-11-27 22:05:16 - PHP Warning:  googleshopping\Googleshopping::integer(): Argument #1 ($product_id) must be passed by reference, value given in C:\xampp\htdocs\store\system\library\googleshopping\googleshopping.php on line 583
2021-11-27 22:05:16 - PHP Warning:  googleshopping\Googleshopping::integer(): Argument #1 ($product_id) must be passed by reference, value given in C:\xampp\htdocs\store\system\library\googleshopping\googleshopping.php on line 583
2021-11-27 22:05:16 - PHP Warning:  googleshopping\Googleshopping::integer(): Argument #1 ($product_id) must be passed by reference, value given in C:\xampp\htdocs\store\system\library\googleshopping\googleshopping.php on line 583
2021-11-27 22:05:16 - PHP Warning:  googleshopping\Googleshopping::integer(): Argument #1 ($product_id) must be passed by reference, value given in C:\xampp\htdocs\store\system\library\googleshopping\googleshopping.php on line 583
2021-11-27 22:05:16 - PHP Warning:  googleshopping\Googleshopping::integer(): Argument #1 ($product_id) must be passed by reference, value given in C:\xampp\htdocs\store\system\library\googleshopping\googleshopping.php on line 583
2021-11-27 22:05:16 - PHP Warning:  googleshopping\Googleshopping::integer(): Argument #1 ($product_id) must be passed by reference, value given in C:\xampp\htdocs\store\system\library\googleshopping\googleshopping.php on line 583
2021-11-27 22:05:16 - PHP Warning:  googleshopping\Googleshopping::integer(): Argument #1 ($product_id) must be passed by reference, value given in C:\xampp\htdocs\store\system\library\googleshopping\googleshopping.php on line 583
2021-11-27 22:05:16 - PHP Warning:  googleshopping\Googleshopping::integer(): Argument #1 ($product_id) must be passed by reference, value given in C:\xampp\htdocs\store\system\library\googleshopping\googleshopping.php on line 583
2021-11-27 22:05:16 - PHP Warning:  googleshopping\Googleshopping::integer(): Argument #1 ($product_id) must be passed by reference, value given in C:\xampp\htdocs\store\system\library\googleshopping\googleshopping.php on line 583
2021-11-27 22:05:16 - PHP Warning:  googleshopping\Googleshopping::integer(): Argument #1 ($product_id) must be passed by reference, value given in C:\xampp\htdocs\store\system\library\googleshopping\googleshopping.php on line 583
2021-11-27 22:05:16 - PHP Warning:  googleshopping\Googleshopping::integer(): Argument #1 ($product_id) must be passed by reference, value given in C:\xampp\htdocs\store\system\library\googleshopping\googleshopping.php on line 583
2021-11-27 22:05:16 - PHP Warning:  googleshopping\Googleshopping::integer(): Argument #1 ($product_id) must be passed by reference, value given in C:\xampp\htdocs\store\system\library\googleshopping\googleshopping.php on line 583
2021-11-27 22:05:16 - PHP Warning:  googleshopping\Googleshopping::integer(): Argument #1 ($product_id) must be passed by reference, value given in C:\xampp\htdocs\store\system\library\googleshopping\googleshopping.php on line 583
2021-11-27 22:05:16 - PHP Warning:  googleshopping\Googleshopping::integer(): Argument #1 ($product_id) must be passed by reference, value given in C:\xampp\htdocs\store\system\library\googleshopping\googleshopping.php on line 583
2021-11-27 22:05:16 - PHP Warning:  googleshopping\Googleshopping::integer(): Argument #1 ($product_id) must be passed by reference, value given in C:\xampp\htdocs\store\system\library\googleshopping\googleshopping.php on line 583
2021-11-27 22:05:16 - PHP Warning:  Cannot modify header information - headers already sent by (output started at C:\xampp\htdocs\store\admin\controller\startup\error.php:34) in C:\xampp\htdocs\store\system\library\response.php on line 36
2021-11-27 22:05:34 - PHP Unknown:  Required parameter $store_id follows optional parameter $product_ids in C:\xampp\htdocs\store\admin\model\extension\advertise\google.php on line 341
2021-11-27 22:05:34 - PHP Unknown:  Required parameter $store_id follows optional parameter $data in C:\xampp\htdocs\store\admin\model\extension\advertise\google.php on line 413
2021-11-27 22:05:34 - PHP Warning:  googleshopping\Googleshopping::integer(): Argument #1 ($product_id) must be passed by reference, value given in C:\xampp\htdocs\store\system\library\googleshopping\googleshopping.php on line 583
2021-11-27 22:05:34 - PHP Warning:  googleshopping\Googleshopping::integer(): Argument #1 ($product_id) must be passed by reference, value given in C:\xampp\htdocs\store\system\library\googleshopping\googleshopping.php on line 583
2021-11-27 22:05:34 - PHP Warning:  googleshopping\Googleshopping::integer(): Argument #1 ($product_id) must be passed by reference, value given in C:\xampp\htdocs\store\system\library\googleshopping\googleshopping.php on line 583
2021-11-27 22:05:34 - PHP Warning:  googleshopping\Googleshopping::integer(): Argument #1 ($product_id) must be passed by reference, value given in C:\xampp\htdocs\store\system\library\googleshopping\googleshopping.php on line 583
2021-11-27 22:05:34 - PHP Warning:  googleshopping\Googleshopping::integer(): Argument #1 ($product_id) must be passed by reference, value given in C:\xampp\htdocs\store\system\library\googleshopping\googleshopping.php on line 583
2021-11-27 22:05:34 - PHP Warning:  googleshopping\Googleshopping::integer(): Argument #1 ($product_id) must be passed by reference, value given in C:\xampp\htdocs\store\system\library\googleshopping\googleshopping.php on line 583
2021-11-27 22:05:34 - PHP Warning:  googleshopping\Googleshopping::integer(): Argument #1 ($product_id) must be passed by reference, value given in C:\xampp\htdocs\store\system\library\googleshopping\googleshopping.php on line 583
2021-11-27 22:05:34 - PHP Warning:  googleshopping\Googleshopping::integer(): Argument #1 ($product_id) must be passed by reference, value given in C:\xampp\htdocs\store\system\library\googleshopping\googleshopping.php on line 583
2021-11-27 22:05:34 - PHP Warning:  googleshopping\Googleshopping::integer(): Argument #1 ($product_id) must be passed by reference, value given in C:\xampp\htdocs\store\system\library\googleshopping\googleshopping.php on line 583
2021-11-27 22:12:09 - PHP Unknown:  Required parameter $store_id follows optional parameter $product_ids in C:\xampp\htdocs\store\admin\model\extension\advertise\google.php on line 341
2021-11-27 22:12:09 - PHP Unknown:  Required parameter $store_id follows optional parameter $data in C:\xampp\htdocs\store\admin\model\extension\advertise\google.php on line 413
2021-11-27 22:12:09 - PHP Warning:  googleshopping\Googleshopping::integer(): Argument #1 ($product_id) must be passed by reference, value given in C:\xampp\htdocs\store\system\library\googleshopping\googleshopping.php on line 583
2021-11-27 22:28:55 - PHP Unknown:  Required parameter $store_id follows optional parameter $product_ids in C:\xampp\htdocs\store\admin\model\extension\advertise\google.php on line 341
2021-11-27 22:28:55 - PHP Unknown:  Required parameter $store_id follows optional parameter $data in C:\xampp\htdocs\store\admin\model\extension\advertise\google.php on line 413
2021-11-27 22:28:55 - PHP Warning:  googleshopping\Googleshopping::integer(): Argument #1 ($product_id) must be passed by reference, value given in C:\xampp\htdocs\store\system\library\googleshopping\googleshopping.php on line 583
2021-11-27 22:48:00 - PHP Unknown:  Required parameter $store_id follows optional parameter $product_ids in C:\xampp\htdocs\store\admin\model\extension\advertise\google.php on line 341
2021-11-27 22:48:00 - PHP Unknown:  Required parameter $store_id follows optional parameter $data in C:\xampp\htdocs\store\admin\model\extension\advertise\google.php on line 413
2021-11-27 22:48:00 - PHP Warning:  googleshopping\Googleshopping::integer(): Argument #1 ($product_id) must be passed by reference, value given in C:\xampp\htdocs\store\system\library\googleshopping\googleshopping.php on line 583
2021-11-27 22:50:00 - PHP Unknown:  Required parameter $store_id follows optional parameter $product_ids in C:\xampp\htdocs\store\admin\model\extension\advertise\google.php on line 341
2021-11-27 22:50:00 - PHP Unknown:  Required parameter $store_id follows optional parameter $data in C:\xampp\htdocs\store\admin\model\extension\advertise\google.php on line 413
2021-11-27 22:50:00 - PHP Warning:  googleshopping\Googleshopping::integer(): Argument #1 ($product_id) must be passed by reference, value given in C:\xampp\htdocs\store\system\library\googleshopping\googleshopping.php on line 583
2021-11-27 22:52:09 - PHP Unknown:  Required parameter $store_id follows optional parameter $product_ids in C:\xampp\htdocs\store\admin\model\extension\advertise\google.php on line 341
2021-11-27 22:52:09 - PHP Unknown:  Required parameter $store_id follows optional parameter $data in C:\xampp\htdocs\store\admin\model\extension\advertise\google.php on line 413
2021-11-27 22:52:09 - PHP Warning:  googleshopping\Googleshopping::integer(): Argument #1 ($product_id) must be passed by reference, value given in C:\xampp\htdocs\store\system\library\googleshopping\googleshopping.php on line 583
2021-11-27 22:57:31 - PHP Unknown:  Required parameter $store_id follows optional parameter $product_ids in C:\xampp\htdocs\store\admin\model\extension\advertise\google.php on line 341
2021-11-27 22:57:31 - PHP Unknown:  Required parameter $store_id follows optional parameter $data in C:\xampp\htdocs\store\admin\model\extension\advertise\google.php on line 413
2021-11-27 22:57:31 - PHP Warning:  googleshopping\Googleshopping::integer(): Argument #1 ($product_id) must be passed by reference, value given in C:\xampp\htdocs\store\system\library\googleshopping\googleshopping.php on line 583
